<?xml version="1.0" encoding="UTF-8"?>
<!-- Generated by org.testng.reporters.JUnitXMLReporter -->
<testsuite hostname="DESKTOP-90CH53T" name="Test" tests="2" failures="0" timestamp="3 Sep 2019 05:19:28 GMT" time="68.052" errors="0">
  <testcase name="verifyConfirmationMsg" time="61.995" classname="com.k2js.mavenselemiumfw.pageobjects.testscripts.NewToursTestScripts"/>
  <testcase name="verifyThePageTitel" time="6.025" classname="com.k2js.mavenselemiumfw.pageobjects.testscripts.NewToursTestScripts"/>
</testsuite> <!-- Test -->
